<?xml version="1.0" encoding="UTF-8" ?>
<testsuite tests="10" failures="0" name="SearchTests" time="0.024" errors="0" skipped="0">
  <properties>
    <property name="java.runtime.name" value="OpenJDK Runtime Environment"/>
    <property name="java.vm.version" value="17.0.5+8-LTS"/>
    <property name="sun.boot.library.path" value="/Users/ahmad/Library/Java/JavaVirtualMachines/corretto-17.0.5/Contents/Home/lib"/>
    <property name="maven.multiModuleProjectDirectory" value="/Users/ahmad/Documents/Hustle/Search"/>
    <property name="java.vm.vendor" value="Amazon.com Inc."/>
    <property name="java.vendor.url" value="https://aws.amazon.com/corretto/"/>
    <property name="guice.disable.misplaced.annotation.check" value="true"/>
    <property name="path.separator" value=":"/>
    <property name="java.vm.name" value="OpenJDK 64-Bit Server VM"/>
    <property name="user.country" value="PK"/>
    <property name="sun.java.launcher" value="SUN_STANDARD"/>
    <property name="test" value="SearchTests"/>
    <property name="java.vm.specification.name" value="Java Virtual Machine Specification"/>
    <property name="user.dir" value="/Users/ahmad/Documents/Hustle/Search"/>
    <property name="java.vm.compressedOopsMode" value="Zero based"/>
    <property name="java.runtime.version" value="17.0.5+8-LTS"/>
    <property name="os.arch" value="x86_64"/>
    <property name="java.io.tmpdir" value="/var/folders/lc/02rc_7153b5115vb7cc2bhh80000gp/T/"/>
    <property name="line.separator" value="
"/>
    <property name="java.vm.specification.vendor" value="Oracle Corporation"/>
    <property name="os.name" value="Mac OS X"/>
    <property name="classworlds.conf" value="/Users/ahmad/Downloads/apache-maven-3.8.7/bin/m2.conf"/>
    <property name="sun.jnu.encoding" value="UTF-8"/>
    <property name="surefire.useFile" value="false"/>
    <property name="java.library.path" value="/Users/ahmad/Library/Java/Extensions:/Library/Java/Extensions:/Network/Library/Java/Extensions:/System/Library/Java/Extensions:/usr/lib/java:."/>
    <property name="maven.conf" value="/Users/ahmad/Downloads/apache-maven-3.8.7/conf"/>
    <property name="jdk.debug" value="release"/>
    <property name="java.class.version" value="61.0"/>
    <property name="java.specification.name" value="Java Platform API Specification"/>
    <property name="sun.management.compiler" value="HotSpot 64-Bit Tiered Compilers"/>
    <property name="os.version" value="13.1"/>
    <property name="library.jansi.path" value="/Users/ahmad/Downloads/apache-maven-3.8.7/lib/jansi-native"/>
    <property name="http.nonProxyHosts" value="local|*.local|169.254/16|*.169.254/16"/>
    <property name="user.home" value="/Users/ahmad"/>
    <property name="user.timezone" value="Asia/Karachi"/>
    <property name="file.encoding" value="US-ASCII"/>
    <property name="java.specification.version" value="17"/>
    <property name="user.name" value="ahmad"/>
    <property name="java.class.path" value="/Users/ahmad/Downloads/apache-maven-3.8.7/boot/plexus-classworlds-2.6.0.jar"/>
    <property name="java.vm.specification.version" value="17"/>
    <property name="sun.arch.data.model" value="64"/>
    <property name="sun.java.command" value="org.codehaus.plexus.classworlds.launcher.Launcher clean test -Dtest=SearchTests -Dsurefire.useFile=false"/>
    <property name="java.home" value="/Users/ahmad/Library/Java/JavaVirtualMachines/corretto-17.0.5/Contents/Home"/>
    <property name="user.language" value="en"/>
    <property name="java.specification.vendor" value="Oracle Corporation"/>
    <property name="java.vm.info" value="mixed mode, sharing"/>
    <property name="java.version" value="17.0.5"/>
    <property name="native.encoding" value="US-ASCII"/>
    <property name="java.vendor" value="Amazon.com Inc."/>
    <property name="sun.stderr.encoding" value="US-ASCII"/>
    <property name="maven.home" value="/Users/ahmad/Downloads/apache-maven-3.8.7"/>
    <property name="file.separator" value="/"/>
    <property name="java.version.date" value="2022-10-18"/>
    <property name="java.vendor.url.bug" value="https://github.com/corretto/corretto-17/issues/"/>
    <property name="sun.io.unicode.encoding" value="UnicodeBig"/>
    <property name="sun.cpu.endian" value="little"/>
    <property name="java.vendor.version" value="Corretto-17.0.5.8.1"/>
    <property name="sun.stdout.encoding" value="US-ASCII"/>
    <property name="socksNonProxyHosts" value="local|*.local|169.254/16|*.169.254/16"/>
    <property name="ftp.nonProxyHosts" value="local|*.local|169.254/16|*.169.254/16"/>
  </properties>
  <testcase classname="SearchTests" name="testExponentialSearch" time="0.016"/>
  <testcase classname="SearchTests" name="testExponentialSearchZeroElement" time="0"/>
  <testcase classname="SearchTests" name="testExponentialSearchLargeArray" time="0.005"/>
  <testcase classname="SearchTests" name="testExponentialSearchNegativeElements" time="0.001"/>
  <testcase classname="SearchTests" name="testExponentialSearchFound" time="0"/>
  <testcase classname="SearchTests" name="testExponentialSearchDuplicateElements" time="0"/>
  <testcase classname="SearchTests" name="testExponentialSearchFirstElement" time="0"/>
  <testcase classname="SearchTests" name="testExponentialSearchEmptyArray" time="0"/>
  <testcase classname="SearchTests" name="testExponentialSearchNotFound" time="0"/>
  <testcase classname="SearchTests" name="testExponentialSearchLastElement" time="0.002"/>
</testsuite>